<?xml version="1.0" encoding="UTF-8"?>
<testsuite xmlns:xsi="http://www.w3.org/2001/XMLSchema-instance" xsi:noNamespaceSchemaLocation="https://maven.apache.org/surefire/maven-surefire-plugin/xsd/surefire-test-report-3.0.xsd" version="3.0" name="org.springframework.samples.petclinic.PostgresIntegrationTests" time="39.463" tests="2" errors="0" skipped="0" failures="0">
  <properties>
    <property name="git.tags" value=""/>
    <property name="java.specification.version" value="17"/>
    <property name="sun.jnu.encoding" value="UTF-8"/>
    <property name="git.build.version" value="3.1.0-SNAPSHOT"/>
    <property name="java.class.path" value="/home/ubuntu/Tryingagain/spring-petclinic/target/test-classes:/home/ubuntu/Tryingagain/spring-petclinic/target/classes:/root/.m2/repository/org/springframework/boot/spring-boot-starter-actuator/3.1.0/spring-boot-starter-actuator-3.1.0.jar:/root/.m2/repository/org/springframework/boot/spring-boot-starter/3.1.0/spring-boot-starter-3.1.0.jar:/root/.m2/repository/org/springframework/boot/spring-boot-starter-logging/3.1.0/spring-boot-starter-logging-3.1.0.jar:/root/.m2/repository/ch/qos/logback/logback-classic/1.4.7/logback-classic-1.4.7.jar:/root/.m2/repository/ch/qos/logback/logback-core/1.4.7/logback-core-1.4.7.jar:/root/.m2/repository/org/apache/logging/log4j/log4j-to-slf4j/2.20.0/log4j-to-slf4j-2.20.0.jar:/root/.m2/repository/org/apache/logging/log4j/log4j-api/2.20.0/log4j-api-2.20.0.jar:/root/.m2/repository/org/slf4j/jul-to-slf4j/2.0.7/jul-to-slf4j-2.0.7.jar:/root/.m2/repository/jakarta/annotation/jakarta.annotation-api/2.1.1/jakarta.annotation-api-2.1.1.jar:/root/.m2/repository/org/yaml/snakeyaml/1.33/snakeyaml-1.33.jar:/root/.m2/repository/org/springframework/boot/spring-boot-actuator-autoconfigure/3.1.0/spring-boot-actuator-autoconfigure-3.1.0.jar:/root/.m2/repository/org/springframework/boot/spring-boot-actuator/3.1.0/spring-boot-actuator-3.1.0.jar:/root/.m2/repository/com/fasterxml/jackson/datatype/jackson-datatype-jsr310/2.15.0/jackson-datatype-jsr310-2.15.0.jar:/root/.m2/repository/io/micrometer/micrometer-observation/1.11.0/micrometer-observation-1.11.0.jar:/root/.m2/repository/io/micrometer/micrometer-commons/1.11.0/micrometer-commons-1.11.0.jar:/root/.m2/repository/io/micrometer/micrometer-core/1.11.0/micrometer-core-1.11.0.jar:/root/.m2/repository/org/hdrhistogram/HdrHistogram/2.1.12/HdrHistogram-2.1.12.jar:/root/.m2/repository/org/latencyutils/LatencyUtils/2.0.3/LatencyUtils-2.0.3.jar:/root/.m2/repository/org/springframework/boot/spring-boot-starter-cache/3.1.0/spring-boot-starter-cache-3.1.0.jar:/root/.m2/repository/org/springframework/spring-context-support/6.0.9/spring-context-support-6.0.9.jar:/root/.m2/repository/org/springframework/spring-beans/6.0.9/spring-beans-6.0.9.jar:/root/.m2/repository/org/springframework/spring-context/6.0.9/spring-context-6.0.9.jar:/root/.m2/repository/org/springframework/boot/spring-boot-starter-data-jpa/3.1.0/spring-boot-starter-data-jpa-3.1.0.jar:/root/.m2/repository/org/springframework/boot/spring-boot-starter-aop/3.1.0/spring-boot-starter-aop-3.1.0.jar:/root/.m2/repository/org/springframework/spring-aop/6.0.9/spring-aop-6.0.9.jar:/root/.m2/repository/org/aspectj/aspectjweaver/1.9.19/aspectjweaver-1.9.19.jar:/root/.m2/repository/org/springframework/boot/spring-boot-starter-jdbc/3.1.0/spring-boot-starter-jdbc-3.1.0.jar:/root/.m2/repository/com/zaxxer/HikariCP/5.0.1/HikariCP-5.0.1.jar:/root/.m2/repository/org/springframework/spring-jdbc/6.0.9/spring-jdbc-6.0.9.jar:/root/.m2/repository/org/hibernate/orm/hibernate-core/6.2.2.Final/hibernate-core-6.2.2.Final.jar:/root/.m2/repository/jakarta/persistence/jakarta.persistence-api/3.1.0/jakarta.persistence-api-3.1.0.jar:/root/.m2/repository/jakarta/transaction/jakarta.transaction-api/2.0.1/jakarta.transaction-api-2.0.1.jar:/root/.m2/repository/org/jboss/logging/jboss-logging/3.5.0.Final/jboss-logging-3.5.0.Final.jar:/root/.m2/repository/org/hibernate/common/hibernate-commons-annotations/6.0.6.Final/hibernate-commons-annotations-6.0.6.Final.jar:/root/.m2/repository/io/smallrye/jandex/3.0.5/jandex-3.0.5.jar:/root/.m2/repository/com/fasterxml/classmate/1.5.1/classmate-1.5.1.jar:/root/.m2/repository/net/bytebuddy/byte-buddy/1.14.4/byte-buddy-1.14.4.jar:/root/.m2/repository/org/glassfish/jaxb/jaxb-runtime/4.0.2/jaxb-runtime-4.0.2.jar:/root/.m2/repository/org/glassfish/jaxb/jaxb-core/4.0.2/jaxb-core-4.0.2.jar:/root/.m2/repository/org/eclipse/angus/angus-activation/2.0.0/angus-activation-2.0.0.jar:/root/.m2/repository/org/glassfish/jaxb/txw2/4.0.2/txw2-4.0.2.jar:/root/.m2/repository/com/sun/istack/istack-commons-runtime/4.1.1/istack-commons-runtime-4.1.1.jar:/root/.m2/repository/jakarta/inject/jakarta.inject-api/2.0.1/jakarta.inject-api-2.0.1.jar:/root/.m2/repository/org/antlr/antlr4-runtime/4.10.1/antlr4-runtime-4.10.1.jar:/root/.m2/repository/org/springframework/data/spring-data-jpa/3.1.0/spring-data-jpa-3.1.0.jar:/root/.m2/repository/org/springframework/data/spring-data-commons/3.1.0/spring-data-commons-3.1.0.jar:/root/.m2/repository/org/springframework/spring-orm/6.0.9/spring-orm-6.0.9.jar:/root/.m2/repository/org/springframework/spring-tx/6.0.9/spring-tx-6.0.9.jar:/root/.m2/repository/org/springframework/spring-aspects/6.0.9/spring-aspects-6.0.9.jar:/root/.m2/repository/org/springframework/boot/spring-boot-starter-web/3.1.0/spring-boot-starter-web-3.1.0.jar:/root/.m2/repository/org/springframework/boot/spring-boot-starter-json/3.1.0/spring-boot-starter-json-3.1.0.jar:/root/.m2/repository/com/fasterxml/jackson/datatype/jackson-datatype-jdk8/2.15.0/jackson-datatype-jdk8-2.15.0.jar:/root/.m2/repository/org/springframework/boot/spring-boot-starter-tomcat/3.1.0/spring-boot-starter-tomcat-3.1.0.jar:/root/.m2/repository/org/apache/tomcat/embed/tomcat-embed-core/10.1.8/tomcat-embed-core-10.1.8.jar:/root/.m2/repository/org/apache/tomcat/embed/tomcat-embed-websocket/10.1.8/tomcat-embed-websocket-10.1.8.jar:/root/.m2/repository/org/springframework/spring-web/6.0.9/spring-web-6.0.9.jar:/root/.m2/repository/org/springframework/spring-webmvc/6.0.9/spring-webmvc-6.0.9.jar:/root/.m2/repository/org/springframework/spring-expression/6.0.9/spring-expression-6.0.9.jar:/root/.m2/repository/org/springframework/boot/spring-boot-starter-validation/3.1.0/spring-boot-starter-validation-3.1.0.jar:/root/.m2/repository/org/apache/tomcat/embed/tomcat-embed-el/10.1.8/tomcat-embed-el-10.1.8.jar:/root/.m2/repository/org/hibernate/validator/hibernate-validator/8.0.0.Final/hibernate-validator-8.0.0.Final.jar:/root/.m2/repository/jakarta/validation/jakarta.validation-api/3.0.2/jakarta.validation-api-3.0.2.jar:/root/.m2/repository/org/springframework/boot/spring-boot-starter-thymeleaf/3.1.0/spring-boot-starter-thymeleaf-3.1.0.jar:/root/.m2/repository/org/thymeleaf/thymeleaf-spring6/3.1.1.RELEASE/thymeleaf-spring6-3.1.1.RELEASE.jar:/root/.m2/repository/org/thymeleaf/thymeleaf/3.1.1.RELEASE/thymeleaf-3.1.1.RELEASE.jar:/root/.m2/repository/org/attoparser/attoparser/2.0.6.RELEASE/attoparser-2.0.6.RELEASE.jar:/root/.m2/repository/org/unbescape/unbescape/1.1.6.RELEASE/unbescape-1.1.6.RELEASE.jar:/root/.m2/repository/org/springframework/boot/spring-boot-starter-test/3.1.0/spring-boot-starter-test-3.1.0.jar:/root/.m2/repository/org/springframework/boot/spring-boot-test/3.1.0/spring-boot-test-3.1.0.jar:/root/.m2/repository/org/springframework/boot/spring-boot-test-autoconfigure/3.1.0/spring-boot-test-autoconfigure-3.1.0.jar:/root/.m2/repository/com/jayway/jsonpath/json-path/2.8.0/json-path-2.8.0.jar:/root/.m2/repository/net/minidev/json-smart/2.4.10/json-smart-2.4.10.jar:/root/.m2/repository/net/minidev/accessors-smart/2.4.9/accessors-smart-2.4.9.jar:/root/.m2/repository/org/ow2/asm/asm/9.3/asm-9.3.jar:/root/.m2/repository/org/assertj/assertj-core/3.24.2/assertj-core-3.24.2.jar:/root/.m2/repository/org/hamcrest/hamcrest/2.2/hamcrest-2.2.jar:/root/.m2/repository/org/junit/jupiter/junit-jupiter/5.9.3/junit-jupiter-5.9.3.jar:/root/.m2/repository/org/junit/jupiter/junit-jupiter-api/5.9.3/junit-jupiter-api-5.9.3.jar:/root/.m2/repository/org/opentest4j/opentest4j/1.2.0/opentest4j-1.2.0.jar:/root/.m2/repository/org/junit/platform/junit-platform-commons/1.9.3/junit-platform-commons-1.9.3.jar:/root/.m2/repository/org/apiguardian/apiguardian-api/1.1.2/apiguardian-api-1.1.2.jar:/root/.m2/repository/org/junit/jupiter/junit-jupiter-params/5.9.3/junit-jupiter-params-5.9.3.jar:/root/.m2/repository/org/junit/jupiter/junit-jupiter-engine/5.9.3/junit-jupiter-engine-5.9.3.jar:/root/.m2/repository/org/junit/platform/junit-platform-engine/1.9.3/junit-platform-engine-1.9.3.jar:/root/.m2/repository/org/mockito/mockito-core/5.3.1/mockito-core-5.3.1.jar:/root/.m2/repository/net/bytebuddy/byte-buddy-agent/1.14.4/byte-buddy-agent-1.14.4.jar:/root/.m2/repository/org/objenesis/objenesis/3.3/objenesis-3.3.jar:/root/.m2/repository/org/mockito/mockito-junit-jupiter/5.3.1/mockito-junit-jupiter-5.3.1.jar:/root/.m2/repository/org/skyscreamer/jsonassert/1.5.1/jsonassert-1.5.1.jar:/root/.m2/repository/com/vaadin/external/google/android-json/0.0.20131108.vaadin1/android-json-0.0.20131108.vaadin1.jar:/root/.m2/repository/org/springframework/spring-core/6.0.9/spring-core-6.0.9.jar:/root/.m2/repository/org/springframework/spring-jcl/6.0.9/spring-jcl-6.0.9.jar:/root/.m2/repository/org/springframework/spring-test/6.0.9/spring-test-6.0.9.jar:/root/.m2/repository/org/xmlunit/xmlunit-core/2.9.1/xmlunit-core-2.9.1.jar:/root/.m2/repository/com/h2database/h2/2.1.214/h2-2.1.214.jar:/root/.m2/repository/com/mysql/mysql-connector-j/8.0.33/mysql-connector-j-8.0.33.jar:/root/.m2/repository/org/postgresql/postgresql/42.6.0/postgresql-42.6.0.jar:/root/.m2/repository/org/checkerframework/checker-qual/3.31.0/checker-qual-3.31.0.jar:/root/.m2/repository/javax/cache/cache-api/1.1.1/cache-api-1.1.1.jar:/root/.m2/repository/com/github/ben-manes/caffeine/caffeine/3.1.6/caffeine-3.1.6.jar:/root/.m2/repository/com/google/errorprone/error_prone_annotations/2.18.0/error_prone_annotations-2.18.0.jar:/root/.m2/repository/org/webjars/npm/bootstrap/5.2.3/bootstrap-5.2.3.jar:/root/.m2/repository/org/webjars/npm/font-awesome/4.7.0/font-awesome-4.7.0.jar:/root/.m2/repository/org/springframework/boot/spring-boot-devtools/3.1.0/spring-boot-devtools-3.1.0.jar:/root/.m2/repository/org/springframework/boot/spring-boot/3.1.0/spring-boot-3.1.0.jar:/root/.m2/repository/org/springframework/boot/spring-boot-autoconfigure/3.1.0/spring-boot-autoconfigure-3.1.0.jar:/root/.m2/repository/org/springframework/boot/spring-boot-testcontainers/3.1.0/spring-boot-testcontainers-3.1.0.jar:/root/.m2/repository/org/testcontainers/testcontainers/1.18.0/testcontainers-1.18.0.jar:/root/.m2/repository/junit/junit/4.13.2/junit-4.13.2.jar:/root/.m2/repository/org/hamcrest/hamcrest-core/2.2/hamcrest-core-2.2.jar:/root/.m2/repository/org/apache/commons/commons-compress/1.22/commons-compress-1.22.jar:/root/.m2/repository/org/rnorth/duct-tape/duct-tape/1.0.8/duct-tape-1.0.8.jar:/root/.m2/repository/com/github/docker-java/docker-java-api/3.3.0/docker-java-api-3.3.0.jar:/root/.m2/repository/com/github/docker-java/docker-java-transport-zerodep/3.3.0/docker-java-transport-zerodep-3.3.0.jar:/root/.m2/repository/com/github/docker-java/docker-java-transport/3.3.0/docker-java-transport-3.3.0.jar:/root/.m2/repository/net/java/dev/jna/jna/5.12.1/jna-5.12.1.jar:/root/.m2/repository/org/springframework/boot/spring-boot-docker-compose/3.1.0/spring-boot-docker-compose-3.1.0.jar:/root/.m2/repository/com/fasterxml/jackson/core/jackson-databind/2.15.0/jackson-databind-2.15.0.jar:/root/.m2/repository/com/fasterxml/jackson/core/jackson-annotations/2.15.0/jackson-annotations-2.15.0.jar:/root/.m2/repository/com/fasterxml/jackson/core/jackson-core/2.15.0/jackson-core-2.15.0.jar:/root/.m2/repository/com/fasterxml/jackson/module/jackson-module-parameter-names/2.15.0/jackson-module-parameter-names-2.15.0.jar:/root/.m2/repository/org/testcontainers/junit-jupiter/1.18.0/junit-jupiter-1.18.0.jar:/root/.m2/repository/org/testcontainers/mysql/1.18.0/mysql-1.18.0.jar:/root/.m2/repository/org/testcontainers/jdbc/1.18.0/jdbc-1.18.0.jar:/root/.m2/repository/org/testcontainers/database-commons/1.18.0/database-commons-1.18.0.jar:/root/.m2/repository/jakarta/xml/bind/jakarta.xml.bind-api/4.0.0/jakarta.xml.bind-api-4.0.0.jar:/root/.m2/repository/jakarta/activation/jakarta.activation-api/2.1.2/jakarta.activation-api-2.1.2.jar:/root/.m2/repository/io/github/resilience4j/resilience4j-spring-boot3/2.0.2/resilience4j-spring-boot3-2.0.2.jar:/root/.m2/repository/io/github/resilience4j/resilience4j-spring6/2.0.2/resilience4j-spring6-2.0.2.jar:/root/.m2/repository/io/github/resilience4j/resilience4j-annotations/2.0.2/resilience4j-annotations-2.0.2.jar:/root/.m2/repository/io/github/resilience4j/resilience4j-consumer/2.0.2/resilience4j-consumer-2.0.2.jar:/root/.m2/repository/io/github/resilience4j/resilience4j-core/2.0.2/resilience4j-core-2.0.2.jar:/root/.m2/repository/io/github/resilience4j/resilience4j-circularbuffer/2.0.2/resilience4j-circularbuffer-2.0.2.jar:/root/.m2/repository/io/github/resilience4j/resilience4j-framework-common/2.0.2/resilience4j-framework-common-2.0.2.jar:/root/.m2/repository/org/slf4j/slf4j-api/2.0.7/slf4j-api-2.0.7.jar:/root/.m2/repository/io/github/resilience4j/resilience4j-micrometer/2.0.2/resilience4j-micrometer-2.0.2.jar:/root/.m2/repository/io/github/resilience4j/resilience4j-bulkhead/2.0.2/resilience4j-bulkhead-2.0.2.jar:/root/.m2/repository/io/github/resilience4j/resilience4j-circuitbreaker/2.0.2/resilience4j-circuitbreaker-2.0.2.jar:/root/.m2/repository/io/github/resilience4j/resilience4j-retry/2.0.2/resilience4j-retry-2.0.2.jar:/root/.m2/repository/io/github/resilience4j/resilience4j-ratelimiter/2.0.2/resilience4j-ratelimiter-2.0.2.jar:/root/.m2/repository/io/github/resilience4j/resilience4j-timelimiter/2.0.2/resilience4j-timelimiter-2.0.2.jar:/root/.m2/repository/io/prometheus/simpleclient_common/0.15.0/simpleclient_common-0.15.0.jar:/root/.m2/repository/io/prometheus/simpleclient/0.16.0/simpleclient-0.16.0.jar:/root/.m2/repository/io/prometheus/simpleclient_tracer_otel/0.16.0/simpleclient_tracer_otel-0.16.0.jar:/root/.m2/repository/io/prometheus/simpleclient_tracer_common/0.16.0/simpleclient_tracer_common-0.16.0.jar:/root/.m2/repository/io/prometheus/simpleclient_tracer_otel_agent/0.16.0/simpleclient_tracer_otel_agent-0.16.0.jar:/root/.m2/repository/io/prometheus/simpleclient_servlet/0.15.0/simpleclient_servlet-0.15.0.jar:/root/.m2/repository/io/prometheus/simpleclient_servlet_common/0.15.0/simpleclient_servlet_common-0.15.0.jar:/root/.m2/repository/io/prometheus/simpleclient_hotspot/0.15.0/simpleclient_hotspot-0.15.0.jar:/root/.m2/repository/com/squareup/okhttp3/okhttp/4.10.0/okhttp-4.10.0.jar:/root/.m2/repository/com/squareup/okio/okio-jvm/3.0.0/okio-jvm-3.0.0.jar:/root/.m2/repository/org/jetbrains/kotlin/kotlin-stdlib-jdk8/1.8.21/kotlin-stdlib-jdk8-1.8.21.jar:/root/.m2/repository/org/jetbrains/kotlin/kotlin-stdlib-jdk7/1.8.21/kotlin-stdlib-jdk7-1.8.21.jar:/root/.m2/repository/org/jetbrains/kotlin/kotlin-stdlib-common/1.8.21/kotlin-stdlib-common-1.8.21.jar:/root/.m2/repository/org/jetbrains/kotlin/kotlin-stdlib/1.8.21/kotlin-stdlib-1.8.21.jar:/root/.m2/repository/org/jetbrains/annotations/13.0/annotations-13.0.jar:"/>
    <property name="git.branch" value="master"/>
    <property name="git.build.host" value="ip-172-31-13-199"/>
    <property name="java.vm.vendor" value="Private Build"/>
    <property name="sun.arch.data.model" value="64"/>
    <property name="git.commit.id" value="9e69b7bbe8621899c33cb545ec684ec858a3616d"/>
    <property name="java.vendor.url" value="Unknown"/>
    <property name="catalina.useNaming" value="false"/>
    <property name="user.timezone" value="Etc/UTC"/>
    <property name="org.jboss.logging.provider" value="slf4j"/>
    <property name="java.vm.specification.version" value="17"/>
    <property name="os.name" value="Linux"/>
    <property name="git.commit.author.time" value="2023-06-21T11:06:31+0000"/>
    <property name="sun.java.launcher" value="SUN_STANDARD"/>
    <property name="git.build.user.name" value=""/>
    <property name="sun.boot.library.path" value="/usr/lib/jvm/java-17-openjdk-amd64/lib"/>
    <property name="sun.java.command" value="/home/ubuntu/Tryingagain/spring-petclinic/target/surefire/surefirebooter-20230621180848133_3.jar /home/ubuntu/Tryingagain/spring-petclinic/target/surefire 2023-06-21T18-08-46_095-jvmRun1 surefire-20230621180848133_1tmp surefire_0-20230621180848133_2tmp"/>
    <property name="jdk.debug" value="release"/>
    <property name="surefire.test.class.path" value="/home/ubuntu/Tryingagain/spring-petclinic/target/test-classes:/home/ubuntu/Tryingagain/spring-petclinic/target/classes:/root/.m2/repository/org/springframework/boot/spring-boot-starter-actuator/3.1.0/spring-boot-starter-actuator-3.1.0.jar:/root/.m2/repository/org/springframework/boot/spring-boot-starter/3.1.0/spring-boot-starter-3.1.0.jar:/root/.m2/repository/org/springframework/boot/spring-boot-starter-logging/3.1.0/spring-boot-starter-logging-3.1.0.jar:/root/.m2/repository/ch/qos/logback/logback-classic/1.4.7/logback-classic-1.4.7.jar:/root/.m2/repository/ch/qos/logback/logback-core/1.4.7/logback-core-1.4.7.jar:/root/.m2/repository/org/apache/logging/log4j/log4j-to-slf4j/2.20.0/log4j-to-slf4j-2.20.0.jar:/root/.m2/repository/org/apache/logging/log4j/log4j-api/2.20.0/log4j-api-2.20.0.jar:/root/.m2/repository/org/slf4j/jul-to-slf4j/2.0.7/jul-to-slf4j-2.0.7.jar:/root/.m2/repository/jakarta/annotation/jakarta.annotation-api/2.1.1/jakarta.annotation-api-2.1.1.jar:/root/.m2/repository/org/yaml/snakeyaml/1.33/snakeyaml-1.33.jar:/root/.m2/repository/org/springframework/boot/spring-boot-actuator-autoconfigure/3.1.0/spring-boot-actuator-autoconfigure-3.1.0.jar:/root/.m2/repository/org/springframework/boot/spring-boot-actuator/3.1.0/spring-boot-actuator-3.1.0.jar:/root/.m2/repository/com/fasterxml/jackson/datatype/jackson-datatype-jsr310/2.15.0/jackson-datatype-jsr310-2.15.0.jar:/root/.m2/repository/io/micrometer/micrometer-observation/1.11.0/micrometer-observation-1.11.0.jar:/root/.m2/repository/io/micrometer/micrometer-commons/1.11.0/micrometer-commons-1.11.0.jar:/root/.m2/repository/io/micrometer/micrometer-core/1.11.0/micrometer-core-1.11.0.jar:/root/.m2/repository/org/hdrhistogram/HdrHistogram/2.1.12/HdrHistogram-2.1.12.jar:/root/.m2/repository/org/latencyutils/LatencyUtils/2.0.3/LatencyUtils-2.0.3.jar:/root/.m2/repository/org/springframework/boot/spring-boot-starter-cache/3.1.0/spring-boot-starter-cache-3.1.0.jar:/root/.m2/repository/org/springframework/spring-context-support/6.0.9/spring-context-support-6.0.9.jar:/root/.m2/repository/org/springframework/spring-beans/6.0.9/spring-beans-6.0.9.jar:/root/.m2/repository/org/springframework/spring-context/6.0.9/spring-context-6.0.9.jar:/root/.m2/repository/org/springframework/boot/spring-boot-starter-data-jpa/3.1.0/spring-boot-starter-data-jpa-3.1.0.jar:/root/.m2/repository/org/springframework/boot/spring-boot-starter-aop/3.1.0/spring-boot-starter-aop-3.1.0.jar:/root/.m2/repository/org/springframework/spring-aop/6.0.9/spring-aop-6.0.9.jar:/root/.m2/repository/org/aspectj/aspectjweaver/1.9.19/aspectjweaver-1.9.19.jar:/root/.m2/repository/org/springframework/boot/spring-boot-starter-jdbc/3.1.0/spring-boot-starter-jdbc-3.1.0.jar:/root/.m2/repository/com/zaxxer/HikariCP/5.0.1/HikariCP-5.0.1.jar:/root/.m2/repository/org/springframework/spring-jdbc/6.0.9/spring-jdbc-6.0.9.jar:/root/.m2/repository/org/hibernate/orm/hibernate-core/6.2.2.Final/hibernate-core-6.2.2.Final.jar:/root/.m2/repository/jakarta/persistence/jakarta.persistence-api/3.1.0/jakarta.persistence-api-3.1.0.jar:/root/.m2/repository/jakarta/transaction/jakarta.transaction-api/2.0.1/jakarta.transaction-api-2.0.1.jar:/root/.m2/repository/org/jboss/logging/jboss-logging/3.5.0.Final/jboss-logging-3.5.0.Final.jar:/root/.m2/repository/org/hibernate/common/hibernate-commons-annotations/6.0.6.Final/hibernate-commons-annotations-6.0.6.Final.jar:/root/.m2/repository/io/smallrye/jandex/3.0.5/jandex-3.0.5.jar:/root/.m2/repository/com/fasterxml/classmate/1.5.1/classmate-1.5.1.jar:/root/.m2/repository/net/bytebuddy/byte-buddy/1.14.4/byte-buddy-1.14.4.jar:/root/.m2/repository/org/glassfish/jaxb/jaxb-runtime/4.0.2/jaxb-runtime-4.0.2.jar:/root/.m2/repository/org/glassfish/jaxb/jaxb-core/4.0.2/jaxb-core-4.0.2.jar:/root/.m2/repository/org/eclipse/angus/angus-activation/2.0.0/angus-activation-2.0.0.jar:/root/.m2/repository/org/glassfish/jaxb/txw2/4.0.2/txw2-4.0.2.jar:/root/.m2/repository/com/sun/istack/istack-commons-runtime/4.1.1/istack-commons-runtime-4.1.1.jar:/root/.m2/repository/jakarta/inject/jakarta.inject-api/2.0.1/jakarta.inject-api-2.0.1.jar:/root/.m2/repository/org/antlr/antlr4-runtime/4.10.1/antlr4-runtime-4.10.1.jar:/root/.m2/repository/org/springframework/data/spring-data-jpa/3.1.0/spring-data-jpa-3.1.0.jar:/root/.m2/repository/org/springframework/data/spring-data-commons/3.1.0/spring-data-commons-3.1.0.jar:/root/.m2/repository/org/springframework/spring-orm/6.0.9/spring-orm-6.0.9.jar:/root/.m2/repository/org/springframework/spring-tx/6.0.9/spring-tx-6.0.9.jar:/root/.m2/repository/org/springframework/spring-aspects/6.0.9/spring-aspects-6.0.9.jar:/root/.m2/repository/org/springframework/boot/spring-boot-starter-web/3.1.0/spring-boot-starter-web-3.1.0.jar:/root/.m2/repository/org/springframework/boot/spring-boot-starter-json/3.1.0/spring-boot-starter-json-3.1.0.jar:/root/.m2/repository/com/fasterxml/jackson/datatype/jackson-datatype-jdk8/2.15.0/jackson-datatype-jdk8-2.15.0.jar:/root/.m2/repository/org/springframework/boot/spring-boot-starter-tomcat/3.1.0/spring-boot-starter-tomcat-3.1.0.jar:/root/.m2/repository/org/apache/tomcat/embed/tomcat-embed-core/10.1.8/tomcat-embed-core-10.1.8.jar:/root/.m2/repository/org/apache/tomcat/embed/tomcat-embed-websocket/10.1.8/tomcat-embed-websocket-10.1.8.jar:/root/.m2/repository/org/springframework/spring-web/6.0.9/spring-web-6.0.9.jar:/root/.m2/repository/org/springframework/spring-webmvc/6.0.9/spring-webmvc-6.0.9.jar:/root/.m2/repository/org/springframework/spring-expression/6.0.9/spring-expression-6.0.9.jar:/root/.m2/repository/org/springframework/boot/spring-boot-starter-validation/3.1.0/spring-boot-starter-validation-3.1.0.jar:/root/.m2/repository/org/apache/tomcat/embed/tomcat-embed-el/10.1.8/tomcat-embed-el-10.1.8.jar:/root/.m2/repository/org/hibernate/validator/hibernate-validator/8.0.0.Final/hibernate-validator-8.0.0.Final.jar:/root/.m2/repository/jakarta/validation/jakarta.validation-api/3.0.2/jakarta.validation-api-3.0.2.jar:/root/.m2/repository/org/springframework/boot/spring-boot-starter-thymeleaf/3.1.0/spring-boot-starter-thymeleaf-3.1.0.jar:/root/.m2/repository/org/thymeleaf/thymeleaf-spring6/3.1.1.RELEASE/thymeleaf-spring6-3.1.1.RELEASE.jar:/root/.m2/repository/org/thymeleaf/thymeleaf/3.1.1.RELEASE/thymeleaf-3.1.1.RELEASE.jar:/root/.m2/repository/org/attoparser/attoparser/2.0.6.RELEASE/attoparser-2.0.6.RELEASE.jar:/root/.m2/repository/org/unbescape/unbescape/1.1.6.RELEASE/unbescape-1.1.6.RELEASE.jar:/root/.m2/repository/org/springframework/boot/spring-boot-starter-test/3.1.0/spring-boot-starter-test-3.1.0.jar:/root/.m2/repository/org/springframework/boot/spring-boot-test/3.1.0/spring-boot-test-3.1.0.jar:/root/.m2/repository/org/springframework/boot/spring-boot-test-autoconfigure/3.1.0/spring-boot-test-autoconfigure-3.1.0.jar:/root/.m2/repository/com/jayway/jsonpath/json-path/2.8.0/json-path-2.8.0.jar:/root/.m2/repository/net/minidev/json-smart/2.4.10/json-smart-2.4.10.jar:/root/.m2/repository/net/minidev/accessors-smart/2.4.9/accessors-smart-2.4.9.jar:/root/.m2/repository/org/ow2/asm/asm/9.3/asm-9.3.jar:/root/.m2/repository/org/assertj/assertj-core/3.24.2/assertj-core-3.24.2.jar:/root/.m2/repository/org/hamcrest/hamcrest/2.2/hamcrest-2.2.jar:/root/.m2/repository/org/junit/jupiter/junit-jupiter/5.9.3/junit-jupiter-5.9.3.jar:/root/.m2/repository/org/junit/jupiter/junit-jupiter-api/5.9.3/junit-jupiter-api-5.9.3.jar:/root/.m2/repository/org/opentest4j/opentest4j/1.2.0/opentest4j-1.2.0.jar:/root/.m2/repository/org/junit/platform/junit-platform-commons/1.9.3/junit-platform-commons-1.9.3.jar:/root/.m2/repository/org/apiguardian/apiguardian-api/1.1.2/apiguardian-api-1.1.2.jar:/root/.m2/repository/org/junit/jupiter/junit-jupiter-params/5.9.3/junit-jupiter-params-5.9.3.jar:/root/.m2/repository/org/junit/jupiter/junit-jupiter-engine/5.9.3/junit-jupiter-engine-5.9.3.jar:/root/.m2/repository/org/junit/platform/junit-platform-engine/1.9.3/junit-platform-engine-1.9.3.jar:/root/.m2/repository/org/mockito/mockito-core/5.3.1/mockito-core-5.3.1.jar:/root/.m2/repository/net/bytebuddy/byte-buddy-agent/1.14.4/byte-buddy-agent-1.14.4.jar:/root/.m2/repository/org/objenesis/objenesis/3.3/objenesis-3.3.jar:/root/.m2/repository/org/mockito/mockito-junit-jupiter/5.3.1/mockito-junit-jupiter-5.3.1.jar:/root/.m2/repository/org/skyscreamer/jsonassert/1.5.1/jsonassert-1.5.1.jar:/root/.m2/repository/com/vaadin/external/google/android-json/0.0.20131108.vaadin1/android-json-0.0.20131108.vaadin1.jar:/root/.m2/repository/org/springframework/spring-core/6.0.9/spring-core-6.0.9.jar:/root/.m2/repository/org/springframework/spring-jcl/6.0.9/spring-jcl-6.0.9.jar:/root/.m2/repository/org/springframework/spring-test/6.0.9/spring-test-6.0.9.jar:/root/.m2/repository/org/xmlunit/xmlunit-core/2.9.1/xmlunit-core-2.9.1.jar:/root/.m2/repository/com/h2database/h2/2.1.214/h2-2.1.214.jar:/root/.m2/repository/com/mysql/mysql-connector-j/8.0.33/mysql-connector-j-8.0.33.jar:/root/.m2/repository/org/postgresql/postgresql/42.6.0/postgresql-42.6.0.jar:/root/.m2/repository/org/checkerframework/checker-qual/3.31.0/checker-qual-3.31.0.jar:/root/.m2/repository/javax/cache/cache-api/1.1.1/cache-api-1.1.1.jar:/root/.m2/repository/com/github/ben-manes/caffeine/caffeine/3.1.6/caffeine-3.1.6.jar:/root/.m2/repository/com/google/errorprone/error_prone_annotations/2.18.0/error_prone_annotations-2.18.0.jar:/root/.m2/repository/org/webjars/npm/bootstrap/5.2.3/bootstrap-5.2.3.jar:/root/.m2/repository/org/webjars/npm/font-awesome/4.7.0/font-awesome-4.7.0.jar:/root/.m2/repository/org/springframework/boot/spring-boot-devtools/3.1.0/spring-boot-devtools-3.1.0.jar:/root/.m2/repository/org/springframework/boot/spring-boot/3.1.0/spring-boot-3.1.0.jar:/root/.m2/repository/org/springframework/boot/spring-boot-autoconfigure/3.1.0/spring-boot-autoconfigure-3.1.0.jar:/root/.m2/repository/org/springframework/boot/spring-boot-testcontainers/3.1.0/spring-boot-testcontainers-3.1.0.jar:/root/.m2/repository/org/testcontainers/testcontainers/1.18.0/testcontainers-1.18.0.jar:/root/.m2/repository/junit/junit/4.13.2/junit-4.13.2.jar:/root/.m2/repository/org/hamcrest/hamcrest-core/2.2/hamcrest-core-2.2.jar:/root/.m2/repository/org/apache/commons/commons-compress/1.22/commons-compress-1.22.jar:/root/.m2/repository/org/rnorth/duct-tape/duct-tape/1.0.8/duct-tape-1.0.8.jar:/root/.m2/repository/com/github/docker-java/docker-java-api/3.3.0/docker-java-api-3.3.0.jar:/root/.m2/repository/com/github/docker-java/docker-java-transport-zerodep/3.3.0/docker-java-transport-zerodep-3.3.0.jar:/root/.m2/repository/com/github/docker-java/docker-java-transport/3.3.0/docker-java-transport-3.3.0.jar:/root/.m2/repository/net/java/dev/jna/jna/5.12.1/jna-5.12.1.jar:/root/.m2/repository/org/springframework/boot/spring-boot-docker-compose/3.1.0/spring-boot-docker-compose-3.1.0.jar:/root/.m2/repository/com/fasterxml/jackson/core/jackson-databind/2.15.0/jackson-databind-2.15.0.jar:/root/.m2/repository/com/fasterxml/jackson/core/jackson-annotations/2.15.0/jackson-annotations-2.15.0.jar:/root/.m2/repository/com/fasterxml/jackson/core/jackson-core/2.15.0/jackson-core-2.15.0.jar:/root/.m2/repository/com/fasterxml/jackson/module/jackson-module-parameter-names/2.15.0/jackson-module-parameter-names-2.15.0.jar:/root/.m2/repository/org/testcontainers/junit-jupiter/1.18.0/junit-jupiter-1.18.0.jar:/root/.m2/repository/org/testcontainers/mysql/1.18.0/mysql-1.18.0.jar:/root/.m2/repository/org/testcontainers/jdbc/1.18.0/jdbc-1.18.0.jar:/root/.m2/repository/org/testcontainers/database-commons/1.18.0/database-commons-1.18.0.jar:/root/.m2/repository/jakarta/xml/bind/jakarta.xml.bind-api/4.0.0/jakarta.xml.bind-api-4.0.0.jar:/root/.m2/repository/jakarta/activation/jakarta.activation-api/2.1.2/jakarta.activation-api-2.1.2.jar:/root/.m2/repository/io/github/resilience4j/resilience4j-spring-boot3/2.0.2/resilience4j-spring-boot3-2.0.2.jar:/root/.m2/repository/io/github/resilience4j/resilience4j-spring6/2.0.2/resilience4j-spring6-2.0.2.jar:/root/.m2/repository/io/github/resilience4j/resilience4j-annotations/2.0.2/resilience4j-annotations-2.0.2.jar:/root/.m2/repository/io/github/resilience4j/resilience4j-consumer/2.0.2/resilience4j-consumer-2.0.2.jar:/root/.m2/repository/io/github/resilience4j/resilience4j-core/2.0.2/resilience4j-core-2.0.2.jar:/root/.m2/repository/io/github/resilience4j/resilience4j-circularbuffer/2.0.2/resilience4j-circularbuffer-2.0.2.jar:/root/.m2/repository/io/github/resilience4j/resilience4j-framework-common/2.0.2/resilience4j-framework-common-2.0.2.jar:/root/.m2/repository/org/slf4j/slf4j-api/2.0.7/slf4j-api-2.0.7.jar:/root/.m2/repository/io/github/resilience4j/resilience4j-micrometer/2.0.2/resilience4j-micrometer-2.0.2.jar:/root/.m2/repository/io/github/resilience4j/resilience4j-bulkhead/2.0.2/resilience4j-bulkhead-2.0.2.jar:/root/.m2/repository/io/github/resilience4j/resilience4j-circuitbreaker/2.0.2/resilience4j-circuitbreaker-2.0.2.jar:/root/.m2/repository/io/github/resilience4j/resilience4j-retry/2.0.2/resilience4j-retry-2.0.2.jar:/root/.m2/repository/io/github/resilience4j/resilience4j-ratelimiter/2.0.2/resilience4j-ratelimiter-2.0.2.jar:/root/.m2/repository/io/github/resilience4j/resilience4j-timelimiter/2.0.2/resilience4j-timelimiter-2.0.2.jar:/root/.m2/repository/io/prometheus/simpleclient_common/0.15.0/simpleclient_common-0.15.0.jar:/root/.m2/repository/io/prometheus/simpleclient/0.16.0/simpleclient-0.16.0.jar:/root/.m2/repository/io/prometheus/simpleclient_tracer_otel/0.16.0/simpleclient_tracer_otel-0.16.0.jar:/root/.m2/repository/io/prometheus/simpleclient_tracer_common/0.16.0/simpleclient_tracer_common-0.16.0.jar:/root/.m2/repository/io/prometheus/simpleclient_tracer_otel_agent/0.16.0/simpleclient_tracer_otel_agent-0.16.0.jar:/root/.m2/repository/io/prometheus/simpleclient_servlet/0.15.0/simpleclient_servlet-0.15.0.jar:/root/.m2/repository/io/prometheus/simpleclient_servlet_common/0.15.0/simpleclient_servlet_common-0.15.0.jar:/root/.m2/repository/io/prometheus/simpleclient_hotspot/0.15.0/simpleclient_hotspot-0.15.0.jar:/root/.m2/repository/com/squareup/okhttp3/okhttp/4.10.0/okhttp-4.10.0.jar:/root/.m2/repository/com/squareup/okio/okio-jvm/3.0.0/okio-jvm-3.0.0.jar:/root/.m2/repository/org/jetbrains/kotlin/kotlin-stdlib-jdk8/1.8.21/kotlin-stdlib-jdk8-1.8.21.jar:/root/.m2/repository/org/jetbrains/kotlin/kotlin-stdlib-jdk7/1.8.21/kotlin-stdlib-jdk7-1.8.21.jar:/root/.m2/repository/org/jetbrains/kotlin/kotlin-stdlib-common/1.8.21/kotlin-stdlib-common-1.8.21.jar:/root/.m2/repository/org/jetbrains/kotlin/kotlin-stdlib/1.8.21/kotlin-stdlib-1.8.21.jar:/root/.m2/repository/org/jetbrains/annotations/13.0/annotations-13.0.jar:"/>
    <property name="sun.cpu.endian" value="little"/>
    <property name="user.home" value="/root"/>
    <property name="user.language" value="en"/>
    <property name="git.closest.tag.commit.count" value=""/>
    <property name="java.specification.vendor" value="Oracle Corporation"/>
    <property name="java.version.date" value="2023-04-18"/>
    <property name="java.home" value="/usr/lib/jvm/java-17-openjdk-amd64"/>
    <property name="git.total.commit.count" value="11"/>
    <property name="file.separator" value="/"/>
    <property name="basedir" value="/home/ubuntu/Tryingagain/spring-petclinic"/>
    <property name="java.vm.compressedOopsMode" value="32-bit"/>
    <property name="line.separator" value="&#10;"/>
    <property name="git.build.user.email" value=""/>
    <property name="git.commit.committer.time" value="2023-06-21T11:06:31+0000"/>
    <property name="java.specification.name" value="Java Platform API Specification"/>
    <property name="java.vm.specification.vendor" value="Oracle Corporation"/>
    <property name="FILE_LOG_CHARSET" value="UTF-8"/>
    <property name="java.awt.headless" value="true"/>
    <property name="git.closest.tag.name" value=""/>
    <property name="git.local.branch.ahead" value="0"/>
    <property name="git.build.time" value="2023-05-10T07:42:50+0000"/>
    <property name="surefire.real.class.path" value="/home/ubuntu/Tryingagain/spring-petclinic/target/surefire/surefirebooter-20230621180848133_3.jar"/>
    <property name="git.commit.message.full" value="hello"/>
    <property name="junit.platform.listeners.uid.tracking.enabled" value="true"/>
    <property name="sun.management.compiler" value="HotSpot 64-Bit Tiered Compilers"/>
    <property name="junit.platform.listeners.uid.tracking.output.dir" value="/home/ubuntu/Tryingagain/spring-petclinic/target/test-ids"/>
    <property name="java.runtime.version" value="17.0.7+7-Ubuntu-0ubuntu120.04"/>
    <property name="user.name" value="root"/>
    <property name="path.separator" value=":"/>
    <property name="os.version" value="5.15.0-1036-aws"/>
    <property name="java.runtime.name" value="OpenJDK Runtime Environment"/>
    <property name="file.encoding" value="UTF-8"/>
    <property name="FILE_LOG_PATTERN" value="%d{yyyy-MM-dd HH:mm:ss} - %logger{36} - %msg traceID=%X{trace_id} %n"/>
    <property name="git.commit.user.email" value="root@ip-172-31-1-97.us-west-2.compute.internal"/>
    <property name="java.vm.name" value="OpenJDK 64-Bit Server VM"/>
    <property name="git.local.branch.behind" value="0"/>
    <property name="git.dirty" value="true"/>
    <property name="LOG_FILE" value="&quot;/tmp/app.log&quot;"/>
    <property name="localRepository" value="/root/.m2/repository"/>
    <property name="java.vendor.url.bug" value="Unknown"/>
    <property name="java.io.tmpdir" value="/tmp"/>
    <property name="catalina.home" value="/tmp/tomcat.0.14427525485913178121"/>
    <property name="com.zaxxer.hikari.pool_number" value="1"/>
    <property name="java.version" value="17.0.7"/>
    <property name="user.dir" value="/home/ubuntu/Tryingagain/spring-petclinic"/>
    <property name="os.arch" value="amd64"/>
    <property name="git.commit.user.name" value="root"/>
    <property name="git.commit.id.abbrev" value="9e69b7b"/>
    <property name="java.vm.specification.name" value="Java Virtual Machine Specification"/>
    <property name="PID" value="23123"/>
    <property name="git.commit.id.describe-short" value="9e69b7b-dirty"/>
    <property name="CONSOLE_LOG_CHARSET" value="UTF-8"/>
    <property name="git.commit.id.describe" value="9e69b7b-dirty"/>
    <property name="catalina.base" value="/tmp/tomcat.0.14427525485913178121"/>
    <property name="native.encoding" value="UTF-8"/>
    <property name="java.library.path" value="/usr/java/packages/lib:/usr/lib/x86_64-linux-gnu/jni:/lib/x86_64-linux-gnu:/usr/lib/x86_64-linux-gnu:/usr/lib/jni:/lib:/usr/lib"/>
    <property name="git.commit.message.short" value="hello"/>
    <property name="java.vm.info" value="mixed mode, sharing"/>
    <property name="java.vendor" value="Private Build"/>
    <property name="java.vm.version" value="17.0.7+7-Ubuntu-0ubuntu120.04"/>
    <property name="sun.io.unicode.encoding" value="UnicodeLittle"/>
    <property name="java.class.version" value="61.0"/>
    <property name="git.commit.time" value="2023-06-21T11:06:31+0000"/>
    <property name="git.remote.origin.url" value="https://github.com/Yash-shadow/Tryingagain.git"/>
  </properties>
  <testcase name="testFindAll" classname="org.springframework.samples.petclinic.PostgresIntegrationTests" time="1.343">
    <system-out><![CDATA[18:08:50.776 [main] INFO org.springframework.test.context.support.AnnotationConfigContextLoaderUtils -- Could not detect default configuration classes for test class [org.springframework.samples.petclinic.PostgresIntegrationTests]: PostgresIntegrationTests does not declare any static, non-private, non-final, nested classes annotated with @Configuration.
18:08:51.206 [main] INFO org.springframework.boot.test.context.SpringBootTestContextBootstrapper -- Found @SpringBootConfiguration org.springframework.samples.petclinic.PetClinicApplication for test class org.springframework.samples.petclinic.PostgresIntegrationTests


              |\      _,,,--,,_
             /,`.-'`'   ._  \-;;,_
  _______ __|,4-  ) )_   .;.(__`'-'__     ___ __    _ ___ _______
 |       | '---''(_/._)-'(_\_)   |   |   |   |  |  | |   |       |
 |    _  |    ___|_     _|       |   |   |   |   |_| |   |       | __ _ _
 |   |_| |   |___  |   | |       |   |   |   |       |   |       | \ \ \ \
 |    ___|    ___| |   | |      _|   |___|   |  _    |   |      _|  \ \ \ \
 |   |   |   |___  |   | |     |_|       |   | | |   |   |     |_    ) ) ) )
 |___|   |_______| |___| |_______|_______|___|_|  |__|___|_______|  / / / /
 ==================================================================/_/_/_/

:: Built with Spring Boot :: 3.1.0


2023-06-21T18:08:53.003Z  INFO 23123 --- [           main] o.s.s.p.PostgresIntegrationTests         : Starting PostgresIntegrationTests using Java 17.0.7 with PID 23123 (started by root in /home/ubuntu/Tryingagain/spring-petclinic)
2023-06-21T18:08:53.016Z  INFO 23123 --- [           main] o.s.s.p.PostgresIntegrationTests         : The following 1 profile is active: "postgres"
2023-06-21T18:08:53.527Z  INFO 23123 --- [           main] .s.b.d.c.l.DockerComposeLifecycleManager : Using Docker Compose file '/home/ubuntu/Tryingagain/spring-petclinic/docker-compose.yml'
2023-06-21T18:08:55.015Z  INFO 23123 --- [utReader-stderr] o.s.boot.docker.compose.core.DockerCli   :  postgres Pulling 
2023-06-21T18:08:56.147Z  INFO 23123 --- [utReader-stderr] o.s.boot.docker.compose.core.DockerCli   :  5b5fe70539cd Pulling fs layer 
2023-06-21T18:08:56.148Z  INFO 23123 --- [utReader-stderr] o.s.boot.docker.compose.core.DockerCli   :  254f758dbb83 Pulling fs layer 
2023-06-21T18:08:56.148Z  INFO 23123 --- [utReader-stderr] o.s.boot.docker.compose.core.DockerCli   :  a50b6f601ef0 Pulling fs layer 
2023-06-21T18:08:56.148Z  INFO 23123 --- [utReader-stderr] o.s.boot.docker.compose.core.DockerCli   :  b2a96a17b000 Pulling fs layer 
2023-06-21T18:08:56.149Z  INFO 23123 --- [utReader-stderr] o.s.boot.docker.compose.core.DockerCli   :  b08a8624844f Pulling fs layer 
2023-06-21T18:08:56.149Z  INFO 23123 --- [utReader-stderr] o.s.boot.docker.compose.core.DockerCli   :  9fb1f8c3deef Pulling fs layer 
2023-06-21T18:08:56.149Z  INFO 23123 --- [utReader-stderr] o.s.boot.docker.compose.core.DockerCli   :  fb374f351a53 Pulling fs layer 
2023-06-21T18:08:56.149Z  INFO 23123 --- [utReader-stderr] o.s.boot.docker.compose.core.DockerCli   :  7b3d9f705bf0 Pulling fs layer 
2023-06-21T18:08:56.150Z  INFO 23123 --- [utReader-stderr] o.s.boot.docker.compose.core.DockerCli   :  a85d8c4f987c Pulling fs layer 
2023-06-21T18:08:56.150Z  INFO 23123 --- [utReader-stderr] o.s.boot.docker.compose.core.DockerCli   :  0543b0f5d286 Pulling fs layer 
2023-06-21T18:08:56.150Z  INFO 23123 --- [utReader-stderr] o.s.boot.docker.compose.core.DockerCli   :  28bb5ab88d7a Pulling fs layer 
2023-06-21T18:08:56.151Z  INFO 23123 --- [utReader-stderr] o.s.boot.docker.compose.core.DockerCli   :  fdb6f3d907fc Pulling fs layer 
2023-06-21T18:08:56.151Z  INFO 23123 --- [utReader-stderr] o.s.boot.docker.compose.core.DockerCli   :  f06aa6280d55 Pulling fs layer 
2023-06-21T18:08:56.151Z  INFO 23123 --- [utReader-stderr] o.s.boot.docker.compose.core.DockerCli   :  b2a96a17b000 Waiting 
2023-06-21T18:08:56.151Z  INFO 23123 --- [utReader-stderr] o.s.boot.docker.compose.core.DockerCli   :  b08a8624844f Waiting 
2023-06-21T18:08:56.151Z  INFO 23123 --- [utReader-stderr] o.s.boot.docker.compose.core.DockerCli   :  9fb1f8c3deef Waiting 
2023-06-21T18:08:56.152Z  INFO 23123 --- [utReader-stderr] o.s.boot.docker.compose.core.DockerCli   :  fb374f351a53 Waiting 
2023-06-21T18:08:56.153Z  INFO 23123 --- [utReader-stderr] o.s.boot.docker.compose.core.DockerCli   :  7b3d9f705bf0 Waiting 
2023-06-21T18:08:56.153Z  INFO 23123 --- [utReader-stderr] o.s.boot.docker.compose.core.DockerCli   :  a85d8c4f987c Waiting 
2023-06-21T18:08:56.154Z  INFO 23123 --- [utReader-stderr] o.s.boot.docker.compose.core.DockerCli   :  0543b0f5d286 Waiting 
2023-06-21T18:08:56.154Z  INFO 23123 --- [utReader-stderr] o.s.boot.docker.compose.core.DockerCli   :  28bb5ab88d7a Waiting 
2023-06-21T18:08:56.154Z  INFO 23123 --- [utReader-stderr] o.s.boot.docker.compose.core.DockerCli   :  fdb6f3d907fc Waiting 
2023-06-21T18:08:56.154Z  INFO 23123 --- [utReader-stderr] o.s.boot.docker.compose.core.DockerCli   :  f06aa6280d55 Waiting 
2023-06-21T18:08:56.419Z  INFO 23123 --- [utReader-stderr] o.s.boot.docker.compose.core.DockerCli   :  254f758dbb83 Downloading [=============================>                     ]     720B/1.209kB
2023-06-21T18:08:56.420Z  INFO 23123 --- [utReader-stderr] o.s.boot.docker.compose.core.DockerCli   :  254f758dbb83 Downloading [==================================================>]  1.209kB/1.209kB
2023-06-21T18:08:56.421Z  INFO 23123 --- [utReader-stderr] o.s.boot.docker.compose.core.DockerCli   :  254f758dbb83 Verifying Checksum 
2023-06-21T18:08:56.421Z  INFO 23123 --- [utReader-stderr] o.s.boot.docker.compose.core.DockerCli   :  254f758dbb83 Download complete 
2023-06-21T18:08:56.429Z  INFO 23123 --- [utReader-stderr] o.s.boot.docker.compose.core.DockerCli   :  a50b6f601ef0 Downloading [>                                                  ]  47.11kB/4.619MB
2023-06-21T18:08:56.464Z  INFO 23123 --- [utReader-stderr] o.s.boot.docker.compose.core.DockerCli   :  5b5fe70539cd Downloading [>                                                  ]  294.9kB/29.12MB
2023-06-21T18:08:56.531Z  INFO 23123 --- [utReader-stderr] o.s.boot.docker.compose.core.DockerCli   :  a50b6f601ef0 Downloading [=======================================>           ]  3.652MB/4.619MB
2023-06-21T18:08:56.557Z  INFO 23123 --- [utReader-stderr] o.s.boot.docker.compose.core.DockerCli   :  a50b6f601ef0 Verifying Checksum 
2023-06-21T18:08:56.560Z  INFO 23123 --- [utReader-stderr] o.s.boot.docker.compose.core.DockerCli   :  a50b6f601ef0 Download complete 
2023-06-21T18:08:56.567Z  INFO 23123 --- [utReader-stderr] o.s.boot.docker.compose.core.DockerCli   :  5b5fe70539cd Downloading [===>                                               ]  2.075MB/29.12MB
2023-06-21T18:08:56.668Z  INFO 23123 --- [utReader-stderr] o.s.boot.docker.compose.core.DockerCli   :  5b5fe70539cd Downloading [===============>                                   ]  8.944MB/29.12MB
2023-06-21T18:08:56.687Z  INFO 23123 --- [utReader-stderr] o.s.boot.docker.compose.core.DockerCli   :  b2a96a17b000 Downloading [>                                                  ]  15.78kB/1.445MB
2023-06-21T18:08:56.779Z  INFO 23123 --- [utReader-stderr] o.s.boot.docker.compose.core.DockerCli   :  5b5fe70539cd Downloading [================================>                  ]  19.06MB/29.12MB
2023-06-21T18:08:56.788Z  INFO 23123 --- [utReader-stderr] o.s.boot.docker.compose.core.DockerCli   :  b2a96a17b000 Downloading [==================================>                ]  1.007MB/1.445MB
2023-06-21T18:08:56.807Z  INFO 23123 --- [utReader-stderr] o.s.boot.docker.compose.core.DockerCli   :  b2a96a17b000 Verifying Checksum 
2023-06-21T18:08:56.808Z  INFO 23123 --- [utReader-stderr] o.s.boot.docker.compose.core.DockerCli   :  b2a96a17b000 Download complete 
2023-06-21T18:08:56.832Z  INFO 23123 --- [utReader-stderr] o.s.boot.docker.compose.core.DockerCli   :  b08a8624844f Downloading [>                                                  ]   81.7kB/8.065MB
2023-06-21T18:08:56.876Z  INFO 23123 --- [utReader-stderr] o.s.boot.docker.compose.core.DockerCli   :  5b5fe70539cd Verifying Checksum 
2023-06-21T18:08:56.877Z  INFO 23123 --- [utReader-stderr] o.s.boot.docker.compose.core.DockerCli   :  5b5fe70539cd Download complete 
2023-06-21T18:08:56.933Z  INFO 23123 --- [utReader-stderr] o.s.boot.docker.compose.core.DockerCli   :  5b5fe70539cd Extracting [>                                                  ]  294.9kB/29.12MB
2023-06-21T18:08:56.943Z  INFO 23123 --- [utReader-stderr] o.s.boot.docker.compose.core.DockerCli   :  b08a8624844f Downloading [============>                                      ]  1.981MB/8.065MB
2023-06-21T18:08:57.041Z  INFO 23123 --- [utReader-stderr] o.s.boot.docker.compose.core.DockerCli   :  b08a8624844f Verifying Checksum 
2023-06-21T18:08:57.041Z  INFO 23123 --- [utReader-stderr] o.s.boot.docker.compose.core.DockerCli   :  b08a8624844f Download complete 
2023-06-21T18:08:57.043Z  INFO 23123 --- [utReader-stderr] o.s.boot.docker.compose.core.DockerCli   :  5b5fe70539cd Extracting [===>                                               ]  2.064MB/29.12MB
2023-06-21T18:08:57.082Z  INFO 23123 --- [utReader-stderr] o.s.boot.docker.compose.core.DockerCli   :  9fb1f8c3deef Downloading [>                                                  ]  15.06kB/1.406MB
2023-06-21T18:08:57.147Z  INFO 23123 --- [utReader-stderr] o.s.boot.docker.compose.core.DockerCli   :  fb374f351a53 Downloading [==================================================>]     149B/149B
2023-06-21T18:08:57.150Z  INFO 23123 --- [utReader-stderr] o.s.boot.docker.compose.core.DockerCli   :  fb374f351a53 Verifying Checksum 
2023-06-21T18:08:57.152Z  INFO 23123 --- [utReader-stderr] o.s.boot.docker.compose.core.DockerCli   :  fb374f351a53 Download complete 
2023-06-21T18:08:57.160Z  INFO 23123 --- [utReader-stderr] o.s.boot.docker.compose.core.DockerCli   :  5b5fe70539cd Extracting [========>                                          ]  5.014MB/29.12MB
2023-06-21T18:08:57.182Z  INFO 23123 --- [utReader-stderr] o.s.boot.docker.compose.core.DockerCli   :  9fb1f8c3deef Downloading [============================================>      ]  1.256MB/1.406MB
2023-06-21T18:08:57.189Z  INFO 23123 --- [utReader-stderr] o.s.boot.docker.compose.core.DockerCli   :  9fb1f8c3deef Verifying Checksum 
2023-06-21T18:08:57.190Z  INFO 23123 --- [utReader-stderr] o.s.boot.docker.compose.core.DockerCli   :  9fb1f8c3deef Download complete 
2023-06-21T18:08:57.264Z  INFO 23123 --- [utReader-stderr] o.s.boot.docker.compose.core.DockerCli   :  5b5fe70539cd Extracting [=============>                                     ]  7.668MB/29.12MB
2023-06-21T18:08:57.300Z  INFO 23123 --- [utReader-stderr] o.s.boot.docker.compose.core.DockerCli   :  7b3d9f705bf0 Downloading [===========>                                       ]     720B/3.194kB
2023-06-21T18:08:57.301Z  INFO 23123 --- [utReader-stderr] o.s.boot.docker.compose.core.DockerCli   :  7b3d9f705bf0 Downloading [==================================================>]  3.194kB/3.194kB
2023-06-21T18:08:57.303Z  INFO 23123 --- [utReader-stderr] o.s.boot.docker.compose.core.DockerCli   :  7b3d9f705bf0 Verifying Checksum 
2023-06-21T18:08:57.305Z  INFO 23123 --- [utReader-stderr] o.s.boot.docker.compose.core.DockerCli   :  7b3d9f705bf0 Download complete 
2023-06-21T18:08:57.381Z  INFO 23123 --- [utReader-stderr] o.s.boot.docker.compose.core.DockerCli   :  5b5fe70539cd Extracting [================>                                  ]  9.732MB/29.12MB
2023-06-21T18:08:57.465Z  INFO 23123 --- [utReader-stderr] o.s.boot.docker.compose.core.DockerCli   :  0543b0f5d286 Downloading [===>                                               ]     720B/9.776kB
2023-06-21T18:08:57.466Z  INFO 23123 --- [utReader-stderr] o.s.boot.docker.compose.core.DockerCli   :  0543b0f5d286 Downloading [==================================================>]  9.776kB/9.776kB
2023-06-21T18:08:57.466Z  INFO 23123 --- [utReader-stderr] o.s.boot.docker.compose.core.DockerCli   :  0543b0f5d286 Verifying Checksum 
2023-06-21T18:08:57.467Z  INFO 23123 --- [utReader-stderr] o.s.boot.docker.compose.core.DockerCli   :  0543b0f5d286 Download complete 
2023-06-21T18:08:57.494Z  INFO 23123 --- [utReader-stderr] o.s.boot.docker.compose.core.DockerCli   :  a85d8c4f987c Downloading [>                                                  ]  531.7kB/104.2MB
2023-06-21T18:08:57.514Z  INFO 23123 --- [utReader-stderr] o.s.boot.docker.compose.core.DockerCli   :  5b5fe70539cd Extracting [==================>                                ]  10.91MB/29.12MB
2023-06-21T18:08:57.576Z  INFO 23123 --- [utReader-stderr] o.s.boot.docker.compose.core.DockerCli   :  28bb5ab88d7a Downloading [==================================================>]     130B/130B
2023-06-21T18:08:57.577Z  INFO 23123 --- [utReader-stderr] o.s.boot.docker.compose.core.DockerCli   :  28bb5ab88d7a Verifying Checksum 
2023-06-21T18:08:57.577Z  INFO 23123 --- [utReader-stderr] o.s.boot.docker.compose.core.DockerCli   :  28bb5ab88d7a Download complete 
2023-06-21T18:08:57.603Z  INFO 23123 --- [utReader-stderr] o.s.boot.docker.compose.core.DockerCli   :  a85d8c4f987c Downloading [=>                                                 ]   3.21MB/104.2MB
2023-06-21T18:08:57.621Z  INFO 23123 --- [utReader-stderr] o.s.boot.docker.compose.core.DockerCli   :  5b5fe70539cd Extracting [=====================>                             ]  12.68MB/29.12MB
2023-06-21T18:08:57.705Z  INFO 23123 --- [utReader-stderr] o.s.boot.docker.compose.core.DockerCli   :  a85d8c4f987c Downloading [====>                                              ]  8.571MB/104.2MB
2023-06-21T18:08:57.728Z  INFO 23123 --- [utReader-stderr] o.s.boot.docker.compose.core.DockerCli   :  5b5fe70539cd Extracting [=========================>                         ]  14.75MB/29.12MB
2023-06-21T18:08:57.764Z  INFO 23123 --- [utReader-stderr] o.s.boot.docker.compose.core.DockerCli   :  fdb6f3d907fc Downloading [==================================================>]     199B/199B
2023-06-21T18:08:57.765Z  INFO 23123 --- [utReader-stderr] o.s.boot.docker.compose.core.DockerCli   :  fdb6f3d907fc Verifying Checksum 
2023-06-21T18:08:57.765Z  INFO 23123 --- [utReader-stderr] o.s.boot.docker.compose.core.DockerCli   :  fdb6f3d907fc Download complete 
2023-06-21T18:08:57.824Z  INFO 23123 --- [utReader-stderr] o.s.boot.docker.compose.core.DockerCli   :  a85d8c4f987c Downloading [=======>                                           ]  15.56MB/104.2MB
2023-06-21T18:08:57.829Z  INFO 23123 --- [utReader-stderr] o.s.boot.docker.compose.core.DockerCli   :  5b5fe70539cd Extracting [===========================>                       ]  15.93MB/29.12MB
2023-06-21T18:08:57.876Z  INFO 23123 --- [utReader-stderr] o.s.boot.docker.compose.core.DockerCli   :  f06aa6280d55 Downloading [=======>                                           ]     720B/4.784kB
2023-06-21T18:08:57.877Z  INFO 23123 --- [utReader-stderr] o.s.boot.docker.compose.core.DockerCli   :  f06aa6280d55 Downloading [==================================================>]  4.784kB/4.784kB
2023-06-21T18:08:57.878Z  INFO 23123 --- [utReader-stderr] o.s.boot.docker.compose.core.DockerCli   :  f06aa6280d55 Verifying Checksum 
2023-06-21T18:08:57.879Z  INFO 23123 --- [utReader-stderr] o.s.boot.docker.compose.core.DockerCli   :  f06aa6280d55 Download complete 
2023-06-21T18:08:57.927Z  INFO 23123 --- [utReader-stderr] o.s.boot.docker.compose.core.DockerCli   :  a85d8c4f987c Downloading [=========>                                         ]  19.87MB/104.2MB
2023-06-21T18:08:57.931Z  INFO 23123 --- [utReader-stderr] o.s.boot.docker.compose.core.DockerCli   :  5b5fe70539cd Extracting [==============================>                    ]  17.69MB/29.12MB
2023-06-21T18:08:58.034Z  INFO 23123 --- [utReader-stderr] o.s.boot.docker.compose.core.DockerCli   :  a85d8c4f987c Downloading [=============>                                     ]  28.49MB/104.2MB
2023-06-21T18:08:58.035Z  INFO 23123 --- [utReader-stderr] o.s.boot.docker.compose.core.DockerCli   :  5b5fe70539cd Extracting [===================================>               ]  20.64MB/29.12MB
2023-06-21T18:08:58.136Z  INFO 23123 --- [utReader-stderr] o.s.boot.docker.compose.core.DockerCli   :  a85d8c4f987c Downloading [=================>                                 ]  35.46MB/104.2MB
2023-06-21T18:08:58.147Z  INFO 23123 --- [utReader-stderr] o.s.boot.docker.compose.core.DockerCli   :  5b5fe70539cd Extracting [========================================>          ]  23.59MB/29.12MB
2023-06-21T18:08:58.240Z  INFO 23123 --- [utReader-stderr] o.s.boot.docker.compose.core.DockerCli   :  a85d8c4f987c Downloading [=====================>                             ]  45.12MB/104.2MB
2023-06-21T18:08:58.357Z  INFO 23123 --- [utReader-stderr] o.s.boot.docker.compose.core.DockerCli   :  a85d8c4f987c Downloading [===========================>                       ]  56.37MB/104.2MB
2023-06-21T18:08:58.394Z  INFO 23123 --- [utReader-stderr] o.s.boot.docker.compose.core.DockerCli   :  5b5fe70539cd Extracting [==========================================>        ]  24.77MB/29.12MB
2023-06-21T18:08:58.450Z  INFO 23123 --- [utReader-stderr] o.s.boot.docker.compose.core.DockerCli   :  a85d8c4f987c Downloading [===============================>                   ]  64.97MB/104.2MB
2023-06-21T18:08:58.499Z  INFO 23123 --- [utReader-stderr] o.s.boot.docker.compose.core.DockerCli   :  5b5fe70539cd Extracting [==============================================>    ]  27.13MB/29.12MB
2023-06-21T18:08:58.541Z  INFO 23123 --- [utReader-stderr] o.s.boot.docker.compose.core.DockerCli   :  a85d8c4f987c Downloading [==================================>                ]   72.5MB/104.2MB
2023-06-21T18:08:58.659Z  INFO 23123 --- [utReader-stderr] o.s.boot.docker.compose.core.DockerCli   :  a85d8c4f987c Downloading [=======================================>           ]  82.16MB/104.2MB
2023-06-21T18:08:58.674Z  INFO 23123 --- [utReader-stderr] o.s.boot.docker.compose.core.DockerCli   :  5b5fe70539cd Extracting [================================================>  ]  28.02MB/29.12MB
2023-06-21T18:08:58.752Z  INFO 23123 --- [utReader-stderr] o.s.boot.docker.compose.core.DockerCli   :  a85d8c4f987c Downloading [============================================>      ]  92.92MB/104.2MB
2023-06-21T18:08:58.843Z  INFO 23123 --- [utReader-stderr] o.s.boot.docker.compose.core.DockerCli   :  a85d8c4f987c Downloading [==================================================>]  104.2MB/104.2MB
2023-06-21T18:08:58.844Z  INFO 23123 --- [utReader-stderr] o.s.boot.docker.compose.core.DockerCli   :  a85d8c4f987c Verifying Checksum 
2023-06-21T18:08:58.846Z  INFO 23123 --- [utReader-stderr] o.s.boot.docker.compose.core.DockerCli   :  a85d8c4f987c Download complete 
2023-06-21T18:08:58.909Z  INFO 23123 --- [utReader-stderr] o.s.boot.docker.compose.core.DockerCli   :  5b5fe70539cd Extracting [================================================>  ]  28.31MB/29.12MB
2023-06-21T18:08:59.035Z  INFO 23123 --- [utReader-stderr] o.s.boot.docker.compose.core.DockerCli   :  5b5fe70539cd Extracting [==================================================>]  29.12MB/29.12MB
2023-06-21T18:08:59.095Z  INFO 23123 --- [utReader-stderr] o.s.boot.docker.compose.core.DockerCli   :  5b5fe70539cd Pull complete 
2023-06-21T18:08:59.100Z  INFO 23123 --- [utReader-stderr] o.s.boot.docker.compose.core.DockerCli   :  254f758dbb83 Extracting [==================================================>]  1.209kB/1.209kB
2023-06-21T18:08:59.101Z  INFO 23123 --- [utReader-stderr] o.s.boot.docker.compose.core.DockerCli   :  254f758dbb83 Extracting [==================================================>]  1.209kB/1.209kB
2023-06-21T18:08:59.114Z  INFO 23123 --- [utReader-stderr] o.s.boot.docker.compose.core.DockerCli   :  254f758dbb83 Pull complete 
2023-06-21T18:08:59.120Z  INFO 23123 --- [utReader-stderr] o.s.boot.docker.compose.core.DockerCli   :  a50b6f601ef0 Extracting [>                                                  ]  65.54kB/4.619MB
2023-06-21T18:08:59.227Z  INFO 23123 --- [utReader-stderr] o.s.boot.docker.compose.core.DockerCli   :  a50b6f601ef0 Extracting [================================================>  ]  4.456MB/4.619MB
2023-06-21T18:08:59.240Z  INFO 23123 --- [utReader-stderr] o.s.boot.docker.compose.core.DockerCli   :  a50b6f601ef0 Extracting [==================================================>]  4.619MB/4.619MB
2023-06-21T18:08:59.285Z  INFO 23123 --- [utReader-stderr] o.s.boot.docker.compose.core.DockerCli   :  a50b6f601ef0 Pull complete 
2023-06-21T18:08:59.289Z  INFO 23123 --- [utReader-stderr] o.s.boot.docker.compose.core.DockerCli   :  b2a96a17b000 Extracting [=>                                                 ]  32.77kB/1.445MB
2023-06-21T18:08:59.331Z  INFO 23123 --- [utReader-stderr] o.s.boot.docker.compose.core.DockerCli   :  b2a96a17b000 Extracting [==================================================>]  1.445MB/1.445MB
2023-06-21T18:08:59.351Z  INFO 23123 --- [utReader-stderr] o.s.boot.docker.compose.core.DockerCli   :  b2a96a17b000 Pull complete 
2023-06-21T18:08:59.356Z  INFO 23123 --- [utReader-stderr] o.s.boot.docker.compose.core.DockerCli   :  b08a8624844f Extracting [>                                                  ]   98.3kB/8.065MB
2023-06-21T18:08:59.456Z  INFO 23123 --- [utReader-stderr] o.s.boot.docker.compose.core.DockerCli   :  b08a8624844f Extracting [=====================>                             ]  3.441MB/8.065MB
2023-06-21T18:08:59.557Z  INFO 23123 --- [utReader-stderr] o.s.boot.docker.compose.core.DockerCli   :  b08a8624844f Extracting [=============================>                     ]  4.817MB/8.065MB
2023-06-21T18:08:59.658Z  INFO 23123 --- [utReader-stderr] o.s.boot.docker.compose.core.DockerCli   :  b08a8624844f Extracting [========================================>          ]  6.488MB/8.065MB
2023-06-21T18:08:59.737Z  INFO 23123 --- [utReader-stderr] o.s.boot.docker.compose.core.DockerCli   :  b08a8624844f Extracting [==================================================>]  8.065MB/8.065MB
2023-06-21T18:08:59.767Z  INFO 23123 --- [utReader-stderr] o.s.boot.docker.compose.core.DockerCli   :  b08a8624844f Pull complete 
2023-06-21T18:08:59.771Z  INFO 23123 --- [utReader-stderr] o.s.boot.docker.compose.core.DockerCli   :  9fb1f8c3deef Extracting [=>                                                 ]  32.77kB/1.406MB
2023-06-21T18:08:59.821Z  INFO 23123 --- [utReader-stderr] o.s.boot.docker.compose.core.DockerCli   :  9fb1f8c3deef Extracting [==================================================>]  1.406MB/1.406MB
2023-06-21T18:08:59.826Z  INFO 23123 --- [utReader-stderr] o.s.boot.docker.compose.core.DockerCli   :  9fb1f8c3deef Extracting [==================================================>]  1.406MB/1.406MB
2023-06-21T18:08:59.853Z  INFO 23123 --- [utReader-stderr] o.s.boot.docker.compose.core.DockerCli   :  9fb1f8c3deef Pull complete 
2023-06-21T18:08:59.858Z  INFO 23123 --- [utReader-stderr] o.s.boot.docker.compose.core.DockerCli   :  fb374f351a53 Extracting [==================================================>]     149B/149B
2023-06-21T18:08:59.859Z  INFO 23123 --- [utReader-stderr] o.s.boot.docker.compose.core.DockerCli   :  fb374f351a53 Extracting [==================================================>]     149B/149B
2023-06-21T18:08:59.871Z  INFO 23123 --- [utReader-stderr] o.s.boot.docker.compose.core.DockerCli   :  fb374f351a53 Pull complete 
2023-06-21T18:08:59.876Z  INFO 23123 --- [utReader-stderr] o.s.boot.docker.compose.core.DockerCli   :  7b3d9f705bf0 Extracting [==================================================>]  3.194kB/3.194kB
2023-06-21T18:08:59.877Z  INFO 23123 --- [utReader-stderr] o.s.boot.docker.compose.core.DockerCli   :  7b3d9f705bf0 Extracting [==================================================>]  3.194kB/3.194kB
2023-06-21T18:08:59.891Z  INFO 23123 --- [utReader-stderr] o.s.boot.docker.compose.core.DockerCli   :  7b3d9f705bf0 Pull complete 
2023-06-21T18:08:59.951Z  INFO 23123 --- [utReader-stderr] o.s.boot.docker.compose.core.DockerCli   :  a85d8c4f987c Extracting [>                                                  ]  557.1kB/104.2MB
2023-06-21T18:09:00.057Z  INFO 23123 --- [utReader-stderr] o.s.boot.docker.compose.core.DockerCli   :  a85d8c4f987c Extracting [==>                                                ]  4.456MB/104.2MB
2023-06-21T18:09:00.179Z  INFO 23123 --- [utReader-stderr] o.s.boot.docker.compose.core.DockerCli   :  a85d8c4f987c Extracting [====>                                              ]  8.356MB/104.2MB
2023-06-21T18:09:00.284Z  INFO 23123 --- [utReader-stderr] o.s.boot.docker.compose.core.DockerCli   :  a85d8c4f987c Extracting [=====>                                             ]   11.7MB/104.2MB
2023-06-21T18:09:00.402Z  INFO 23123 --- [utReader-stderr] o.s.boot.docker.compose.core.DockerCli   :  a85d8c4f987c Extracting [=======>                                           ]   15.6MB/104.2MB
2023-06-21T18:09:00.512Z  INFO 23123 --- [utReader-stderr] o.s.boot.docker.compose.core.DockerCli   :  a85d8c4f987c Extracting [=========>                                         ]   19.5MB/104.2MB
2023-06-21T18:09:00.627Z  INFO 23123 --- [utReader-stderr] o.s.boot.docker.compose.core.DockerCli   :  a85d8c4f987c Extracting [==========>                                        ]  22.84MB/104.2MB
2023-06-21T18:09:00.730Z  INFO 23123 --- [utReader-stderr] o.s.boot.docker.compose.core.DockerCli   :  a85d8c4f987c Extracting [============>                                      ]  25.07MB/104.2MB
2023-06-21T18:09:00.830Z  INFO 23123 --- [utReader-stderr] o.s.boot.docker.compose.core.DockerCli   :  a85d8c4f987c Extracting [=============>                                     ]  27.85MB/104.2MB
2023-06-21T18:09:00.933Z  INFO 23123 --- [utReader-stderr] o.s.boot.docker.compose.core.DockerCli   :  a85d8c4f987c Extracting [===============>                                   ]  32.31MB/104.2MB
2023-06-21T18:09:01.035Z  INFO 23123 --- [utReader-stderr] o.s.boot.docker.compose.core.DockerCli   :  a85d8c4f987c Extracting [=================>                                 ]  36.21MB/104.2MB
2023-06-21T18:09:01.146Z  INFO 23123 --- [utReader-stderr] o.s.boot.docker.compose.core.DockerCli   :  a85d8c4f987c Extracting [==================>                                ]  39.55MB/104.2MB
2023-06-21T18:09:01.255Z  INFO 23123 --- [utReader-stderr] o.s.boot.docker.compose.core.DockerCli   :  a85d8c4f987c Extracting [====================>                              ]  43.45MB/104.2MB
2023-06-21T18:09:01.359Z  INFO 23123 --- [utReader-stderr] o.s.boot.docker.compose.core.DockerCli   :  a85d8c4f987c Extracting [======================>                            ]  46.79MB/104.2MB
2023-06-21T18:09:01.461Z  INFO 23123 --- [utReader-stderr] o.s.boot.docker.compose.core.DockerCli   :  a85d8c4f987c Extracting [=======================>                           ]  49.58MB/104.2MB
2023-06-21T18:09:01.601Z  INFO 23123 --- [utReader-stderr] o.s.boot.docker.compose.core.DockerCli   :  a85d8c4f987c Extracting [========================>                          ]  50.69MB/104.2MB
2023-06-21T18:09:01.744Z  INFO 23123 --- [utReader-stderr] o.s.boot.docker.compose.core.DockerCli   :  a85d8c4f987c Extracting [=========================>                         ]  52.36MB/104.2MB
2023-06-21T18:09:01.864Z  INFO 23123 --- [utReader-stderr] o.s.boot.docker.compose.core.DockerCli   :  a85d8c4f987c Extracting [==========================>                        ]  54.59MB/104.2MB
2023-06-21T18:09:02.000Z  INFO 23123 --- [utReader-stderr] o.s.boot.docker.compose.core.DockerCli   :  a85d8c4f987c Extracting [===========================>                       ]  56.82MB/104.2MB
2023-06-21T18:09:02.104Z  INFO 23123 --- [utReader-stderr] o.s.boot.docker.compose.core.DockerCli   :  a85d8c4f987c Extracting [============================>                      ]  60.16MB/104.2MB
2023-06-21T18:09:02.214Z  INFO 23123 --- [utReader-stderr] o.s.boot.docker.compose.core.DockerCli   :  a85d8c4f987c Extracting [==============================>                    ]   63.5MB/104.2MB
2023-06-21T18:09:02.331Z  INFO 23123 --- [utReader-stderr] o.s.boot.docker.compose.core.DockerCli   :  a85d8c4f987c Extracting [================================>                  ]   67.4MB/104.2MB
2023-06-21T18:09:02.457Z  INFO 23123 --- [utReader-stderr] o.s.boot.docker.compose.core.DockerCli   :  a85d8c4f987c Extracting [=================================>                 ]  70.75MB/104.2MB
2023-06-21T18:09:02.565Z  INFO 23123 --- [utReader-stderr] o.s.boot.docker.compose.core.DockerCli   :  a85d8c4f987c Extracting [===================================>               ]  73.53MB/104.2MB
2023-06-21T18:09:02.670Z  INFO 23123 --- [utReader-stderr] o.s.boot.docker.compose.core.DockerCli   :  a85d8c4f987c Extracting [====================================>              ]  76.32MB/104.2MB
2023-06-21T18:09:02.790Z  INFO 23123 --- [utReader-stderr] o.s.boot.docker.compose.core.DockerCli   :  a85d8c4f987c Extracting [=====================================>             ]   79.1MB/104.2MB
2023-06-21T18:09:02.902Z  INFO 23123 --- [utReader-stderr] o.s.boot.docker.compose.core.DockerCli   :  a85d8c4f987c Extracting [=======================================>           ]  82.44MB/104.2MB
2023-06-21T18:09:03.010Z  INFO 23123 --- [utReader-stderr] o.s.boot.docker.compose.core.DockerCli   :  a85d8c4f987c Extracting [=========================================>         ]  85.79MB/104.2MB
2023-06-21T18:09:03.147Z  INFO 23123 --- [utReader-stderr] o.s.boot.docker.compose.core.DockerCli   :  a85d8c4f987c Extracting [==========================================>        ]  88.57MB/104.2MB
2023-06-21T18:09:03.319Z  INFO 23123 --- [utReader-stderr] o.s.boot.docker.compose.core.DockerCli   :  a85d8c4f987c Extracting [===========================================>       ]  90.24MB/104.2MB
2023-06-21T18:09:03.460Z  INFO 23123 --- [utReader-stderr] o.s.boot.docker.compose.core.DockerCli   :  a85d8c4f987c Extracting [============================================>      ]  93.03MB/104.2MB
2023-06-21T18:09:03.595Z  INFO 23123 --- [utReader-stderr] o.s.boot.docker.compose.core.DockerCli   :  a85d8c4f987c Extracting [=============================================>     ]  94.14MB/104.2MB
2023-06-21T18:09:03.703Z  INFO 23123 --- [utReader-stderr] o.s.boot.docker.compose.core.DockerCli   :  a85d8c4f987c Extracting [=============================================>     ]  95.81MB/104.2MB
2023-06-21T18:09:03.812Z  INFO 23123 --- [utReader-stderr] o.s.boot.docker.compose.core.DockerCli   :  a85d8c4f987c Extracting [==============================================>    ]  97.48MB/104.2MB
2023-06-21T18:09:03.945Z  INFO 23123 --- [utReader-stderr] o.s.boot.docker.compose.core.DockerCli   :  a85d8c4f987c Extracting [===============================================>   ]   98.6MB/104.2MB
2023-06-21T18:09:04.075Z  INFO 23123 --- [utReader-stderr] o.s.boot.docker.compose.core.DockerCli   :  a85d8c4f987c Extracting [===============================================>   ]  99.71MB/104.2MB
2023-06-21T18:09:04.250Z  INFO 23123 --- [utReader-stderr] o.s.boot.docker.compose.core.DockerCli   :  a85d8c4f987c Extracting [================================================>  ]  100.8MB/104.2MB
2023-06-21T18:09:04.384Z  INFO 23123 --- [utReader-stderr] o.s.boot.docker.compose.core.DockerCli   :  a85d8c4f987c Extracting [================================================>  ]  101.9MB/104.2MB
2023-06-21T18:09:04.613Z  INFO 23123 --- [utReader-stderr] o.s.boot.docker.compose.core.DockerCli   :  a85d8c4f987c Extracting [=================================================> ]  102.5MB/104.2MB
2023-06-21T18:09:04.718Z  INFO 23123 --- [utReader-stderr] o.s.boot.docker.compose.core.DockerCli   :  a85d8c4f987c Extracting [=================================================> ]  103.1MB/104.2MB
2023-06-21T18:09:04.862Z  INFO 23123 --- [utReader-stderr] o.s.boot.docker.compose.core.DockerCli   :  a85d8c4f987c Extracting [=================================================> ]  103.6MB/104.2MB
2023-06-21T18:09:04.977Z  INFO 23123 --- [utReader-stderr] o.s.boot.docker.compose.core.DockerCli   :  a85d8c4f987c Extracting [=================================================> ]  104.2MB/104.2MB
2023-06-21T18:09:04.992Z  INFO 23123 --- [utReader-stderr] o.s.boot.docker.compose.core.DockerCli   :  a85d8c4f987c Extracting [==================================================>]  104.2MB/104.2MB
2023-06-21T18:09:05.099Z  INFO 23123 --- [utReader-stderr] o.s.boot.docker.compose.core.DockerCli   :  a85d8c4f987c Pull complete 
2023-06-21T18:09:05.104Z  INFO 23123 --- [utReader-stderr] o.s.boot.docker.compose.core.DockerCli   :  0543b0f5d286 Extracting [==================================================>]  9.776kB/9.776kB
2023-06-21T18:09:05.104Z  INFO 23123 --- [utReader-stderr] o.s.boot.docker.compose.core.DockerCli   :  0543b0f5d286 Extracting [==================================================>]  9.776kB/9.776kB
2023-06-21T18:09:05.123Z  INFO 23123 --- [utReader-stderr] o.s.boot.docker.compose.core.DockerCli   :  0543b0f5d286 Pull complete 
2023-06-21T18:09:05.128Z  INFO 23123 --- [utReader-stderr] o.s.boot.docker.compose.core.DockerCli   :  28bb5ab88d7a Extracting [==================================================>]     130B/130B
2023-06-21T18:09:05.128Z  INFO 23123 --- [utReader-stderr] o.s.boot.docker.compose.core.DockerCli   :  28bb5ab88d7a Extracting [==================================================>]     130B/130B
2023-06-21T18:09:05.150Z  INFO 23123 --- [utReader-stderr] o.s.boot.docker.compose.core.DockerCli   :  28bb5ab88d7a Pull complete 
2023-06-21T18:09:05.154Z  INFO 23123 --- [utReader-stderr] o.s.boot.docker.compose.core.DockerCli   :  fdb6f3d907fc Extracting [==================================================>]     199B/199B
2023-06-21T18:09:05.156Z  INFO 23123 --- [utReader-stderr] o.s.boot.docker.compose.core.DockerCli   :  fdb6f3d907fc Extracting [==================================================>]     199B/199B
2023-06-21T18:09:05.172Z  INFO 23123 --- [utReader-stderr] o.s.boot.docker.compose.core.DockerCli   :  fdb6f3d907fc Pull complete 
2023-06-21T18:09:05.178Z  INFO 23123 --- [utReader-stderr] o.s.boot.docker.compose.core.DockerCli   :  f06aa6280d55 Extracting [==================================================>]  4.784kB/4.784kB
2023-06-21T18:09:05.179Z  INFO 23123 --- [utReader-stderr] o.s.boot.docker.compose.core.DockerCli   :  f06aa6280d55 Extracting [==================================================>]  4.784kB/4.784kB
2023-06-21T18:09:05.196Z  INFO 23123 --- [utReader-stderr] o.s.boot.docker.compose.core.DockerCli   :  f06aa6280d55 Pull complete 
2023-06-21T18:09:05.216Z  INFO 23123 --- [utReader-stderr] o.s.boot.docker.compose.core.DockerCli   :  postgres Pulled 
2023-06-21T18:09:05.220Z  INFO 23123 --- [utReader-stderr] o.s.boot.docker.compose.core.DockerCli   :  Container spring-petclinic-postgres-1  Creating
2023-06-21T18:09:05.781Z  INFO 23123 --- [utReader-stderr] o.s.boot.docker.compose.core.DockerCli   :  Container spring-petclinic-postgres-1  Created
2023-06-21T18:09:05.785Z  INFO 23123 --- [utReader-stderr] o.s.boot.docker.compose.core.DockerCli   :  Container spring-petclinic-postgres-1  Starting
2023-06-21T18:09:06.099Z  INFO 23123 --- [utReader-stderr] o.s.boot.docker.compose.core.DockerCli   :  Container spring-petclinic-postgres-1  Started
2023-06-21T18:09:06.099Z  INFO 23123 --- [utReader-stderr] o.s.boot.docker.compose.core.DockerCli   :  Container spring-petclinic-postgres-1  Waiting
2023-06-21T18:09:06.607Z  INFO 23123 --- [utReader-stderr] o.s.boot.docker.compose.core.DockerCli   :  Container spring-petclinic-postgres-1  Healthy
2023-06-21T18:09:10.863Z  INFO 23123 --- [           main] .s.d.r.c.RepositoryConfigurationDelegate : Bootstrapping Spring Data JPA repositories in DEFAULT mode.
2023-06-21T18:09:11.015Z  INFO 23123 --- [           main] .s.d.r.c.RepositoryConfigurationDelegate : Finished Spring Data repository scanning in 120 ms. Found 2 JPA repository interfaces.
2023-06-21T18:09:13.973Z  INFO 23123 --- [           main] o.s.b.w.embedded.tomcat.TomcatWebServer  : Tomcat initialized with port(s): 0 (http)
2023-06-21T18:09:13.997Z  INFO 23123 --- [           main] o.apache.catalina.core.StandardService   : Starting service [Tomcat]
2023-06-21T18:09:13.998Z  INFO 23123 --- [           main] o.apache.catalina.core.StandardEngine    : Starting Servlet engine: [Apache Tomcat/10.1.8]
2023-06-21T18:09:14.238Z  INFO 23123 --- [           main] o.a.c.c.C.[Tomcat].[localhost].[/]       : Initializing Spring embedded WebApplicationContext
2023-06-21T18:09:14.239Z  INFO 23123 --- [           main] w.s.c.ServletWebServerApplicationContext : Root WebApplicationContext: initialization completed in 6042 ms
2023-06-21T18:09:15.136Z  INFO 23123 --- [           main] com.zaxxer.hikari.HikariDataSource       : HikariPool-1 - Starting...
2023-06-21T18:09:15.736Z  INFO 23123 --- [           main] com.zaxxer.hikari.pool.HikariPool        : HikariPool-1 - Added connection org.postgresql.jdbc.PgConnection@6b4f1780
2023-06-21T18:09:15.740Z  INFO 23123 --- [           main] com.zaxxer.hikari.HikariDataSource       : HikariPool-1 - Start completed.
2023-06-21T18:09:16.393Z  INFO 23123 --- [           main] o.hibernate.jpa.internal.util.LogHelper  : HHH000204: Processing PersistenceUnitInfo [name: default]
2023-06-21T18:09:16.667Z  INFO 23123 --- [           main] org.hibernate.Version                    : HHH000412: Hibernate ORM core version 6.2.2.Final
2023-06-21T18:09:16.680Z  INFO 23123 --- [           main] org.hibernate.cfg.Environment            : HHH000406: Using bytecode reflection optimizer
2023-06-21T18:09:17.006Z  INFO 23123 --- [           main] o.h.b.i.BytecodeProviderInitiator        : HHH000021: Bytecode provider name : bytebuddy
2023-06-21T18:09:17.270Z  INFO 23123 --- [           main] o.s.o.j.p.SpringPersistenceUnitInfo      : No LoadTimeWeaver setup: ignoring JPA class transformer
2023-06-21T18:09:17.561Z  INFO 23123 --- [           main] org.hibernate.orm.dialect                : HHH035001: Using dialect: org.hibernate.dialect.PostgreSQLDialect, version: org.hibernate.engine.jdbc.env.internal.JdbcEnvironmentInitiator$DialectResolutionInfoImpl@7756d57b
2023-06-21T18:09:18.194Z  INFO 23123 --- [           main] o.h.b.i.BytecodeProviderInitiator        : HHH000021: Bytecode provider name : bytebuddy
2023-06-21T18:09:20.189Z  INFO 23123 --- [           main] o.h.e.t.j.p.i.JtaPlatformInitiator       : HHH000490: Using JtaPlatform implementation: [org.hibernate.engine.transaction.jta.platform.internal.NoJtaPlatform]
2023-06-21T18:09:20.194Z  INFO 23123 --- [           main] j.LocalContainerEntityManagerFactoryBean : Initialized JPA EntityManagerFactory for persistence unit 'default'
2023-06-21T18:09:20.907Z  INFO 23123 --- [           main] o.s.d.j.r.query.QueryEnhancerFactory     : Hibernate is in classpath; If applicable, HQL parser will be used.
2023-06-21T18:09:25.570Z  INFO 23123 --- [           main] o.s.b.a.e.web.EndpointLinksResolver      : Exposing 24 endpoint(s) beneath base path '/actuator'
2023-06-21T18:09:26.327Z  INFO 23123 --- [           main] o.s.b.w.embedded.tomcat.TomcatWebServer  : Tomcat started on port(s): 40853 (http) with context path ''
2023-06-21T18:09:26.362Z  INFO 23123 --- [           main] o.s.s.p.PostgresIntegrationTests         : Started PostgresIntegrationTests in 34.738 seconds (process running for 38.131)
]]></system-out>
  </testcase>
  <testcase name="testOwnerDetails" classname="org.springframework.samples.petclinic.PostgresIntegrationTests" time="1.847">
    <system-out><![CDATA[2023-06-21T18:09:28.178Z  INFO 23123 --- [o-auto-1-exec-1] o.a.c.c.C.[Tomcat].[localhost].[/]       : Initializing Spring DispatcherServlet 'dispatcherServlet'
2023-06-21T18:09:28.178Z  INFO 23123 --- [o-auto-1-exec-1] o.s.web.servlet.DispatcherServlet        : Initializing Servlet 'dispatcherServlet'
2023-06-21T18:09:28.182Z  INFO 23123 --- [o-auto-1-exec-1] o.s.web.servlet.DispatcherServlet        : Completed initialization in 4 ms
]]></system-out>
  </testcase>
</testsuite>